app/build/outputs/logs/manifest-merger-debug-report.txt
-- Merging decision tree log ---
manifest
ADDED from AndroidManifest.xml:1:1
	package
		ADDED from AndroidManifest.xml:2:5
		INJECTED from AndroidManifest.xml:0:0
		INJECTED from AndroidManifest.xml:0:0
	android:versionName
		ADDED from AndroidManifest.xml:4:5
	android:versionCode
		ADDED from AndroidManifest.xml:3:5
		INJECTED from AndroidManifest.xml:0:0
		INJECTED from AndroidManifest.xml:0:0
	xmlns:android
		ADDED from AndroidManifest.xml:1:11
uses-sdk
ADDED from AndroidManifest.xml:6:5
	android:targetSdkVersion
		ADDED from AndroidManifest.xml:8:9
		INJECTED from AndroidManifest.xml:0:0
		INJECTED from AndroidManifest.xml:0:0
	android:minSdkVersion
		ADDED from AndroidManifest.xml:7:9
		INJECTED from AndroidManifest.xml:0:0
		INJECTED from AndroidManifest.xml:0:0
uses-permission#android.permission.INTERNET
ADDED from AndroidManifest.xml:9:2
	android:name
		ADDED from AndroidManifest.xml:9:19
uses-permission#android.permission.ACCESS_COARSE_LOCATION
ADDED from AndroidManifest.xml:10:2
	android:name
		ADDED from AndroidManifest.xml:10:19
uses-permission#android.permission.ACCESS_FINE_LOCATION
ADDED from AndroidManifest.xml:11:2
	android:name
		ADDED from AndroidManifest.xml:11:19
uses-permission#android.permission.CAMERA
ADDED from AndroidManifest.xml:13:2
	android:name
		ADDED from AndroidManifest.xml:13:19
uses-feature#android.hardware.camera
ADDED from AndroidManifest.xml:14:2
	android:name
		ADDED from AndroidManifest.xml:14:16
uses-feature#android.hardware.camera.autofocus
ADDED from AndroidManifest.xml:15:3
	android:name
		ADDED from AndroidManifest.xml:15:17
uses-permission#android.permission.WRITE_EXTERNAL_STORAGE
ADDED from AndroidManifest.xml:17:3
	android:name
		ADDED from AndroidManifest.xml:17:20
uses-permission#android.permission.MOUNT_UNMOUNT_FILESYSTEMS
ADDED from AndroidManifest.xml:18:2
	android:name
		ADDED from AndroidManifest.xml:18:19
uses-permission#android.permission.VIBRATE
ADDED from AndroidManifest.xml:19:2
	android:name
		ADDED from AndroidManifest.xml:19:19
uses-permission#android.permission.GET_ACCOUNTS
ADDED from AndroidManifest.xml:23:2
	android:name
		ADDED from AndroidManifest.xml:24:9
uses-permission#android.permission.USE_CREDENTIALS
ADDED from AndroidManifest.xml:25:5
	android:name
		ADDED from AndroidManifest.xml:26:9
uses-permission#android.permission.MANAGE_ACCOUNTS
ADDED from AndroidManifest.xml:27:5
	android:name
		ADDED from AndroidManifest.xml:28:9
uses-permission#android.permission.AUTHENTICATE_ACCOUNTS
ADDED from AndroidManifest.xml:29:5
	android:name
		ADDED from AndroidManifest.xml:30:9
uses-permission#android.permission.WRITE_SETTINGS
ADDED from AndroidManifest.xml:33:5
	android:name
		ADDED from AndroidManifest.xml:34:9
uses-permission#android.permission.WRITE_SECURE_SETTINGS
ADDED from AndroidManifest.xml:35:5
	android:name
		ADDED from AndroidManifest.xml:36:9
uses-permission#android.permission.READ_CONTACTS
ADDED from AndroidManifest.xml:37:5
	android:name
		ADDED from AndroidManifest.xml:38:9
uses-permission#android.permission.WRITE_CONTACTS
ADDED from AndroidManifest.xml:39:5
	android:name
		ADDED from AndroidManifest.xml:40:9
uses-permission#android.permission.READ_SYNC_STATS
ADDED from AndroidManifest.xml:41:5
	android:name
		ADDED from AndroidManifest.xml:42:9
uses-permission#android.permission.READ_SYNC_SETTINGS
ADDED from AndroidManifest.xml:43:5
	android:name
		ADDED from AndroidManifest.xml:44:9
uses-permission#android.permission.WRITE_SYNC_SETTINGS
ADDED from AndroidManifest.xml:45:5
	android:name
		ADDED from AndroidManifest.xml:46:9
application
ADDED from AndroidManifest.xml:49:5
	android:label
		ADDED from AndroidManifest.xml:51:9
	android:icon
		ADDED from AndroidManifest.xml:50:9
	android:theme
		ADDED from AndroidManifest.xml:52:9
uses-library#com.google.android.maps
ADDED from AndroidManifest.xml:54:9
	android:name
		ADDED from AndroidManifest.xml:54:23
activity#edu.cmu.android.restaurant.LoginActivity
ADDED from AndroidManifest.xml:56:9
	android:label
		ADDED from AndroidManifest.xml:58:13
	android:name
		ADDED from AndroidManifest.xml:57:13
intent-filter#android.intent.action.MAIN+android.intent.category.LAUNCHER
ADDED from AndroidManifest.xml:59:13
action#android.intent.action.MAIN
ADDED from AndroidManifest.xml:60:17
	android:name
		ADDED from AndroidManifest.xml:60:25
category#android.intent.category.LAUNCHER
ADDED from AndroidManifest.xml:62:17
	android:name
		ADDED from AndroidManifest.xml:62:27
activity#edu.cmu.android.restaurant.MyMapActivity
ADDED from AndroidManifest.xml:65:9
	android:label
		ADDED from AndroidManifest.xml:67:13
	android:name
		ADDED from AndroidManifest.xml:66:13
activity#edu.cmu.android.restaurant.TabHostActivity
ADDED from AndroidManifest.xml:69:9
	android:label
		ADDED from AndroidManifest.xml:71:13
	android:theme
		ADDED from AndroidManifest.xml:72:13
	android:name
		ADDED from AndroidManifest.xml:70:13
service#edu.cmu.android.restaurant.authentication.AuthenticationService
ADDED from AndroidManifest.xml:75:3
	android:name
		ADDED from AndroidManifest.xml:75:12
intent-filter#android.accounts.AccountAuthenticator
ADDED from AndroidManifest.xml:76:5
action#android.accounts.AccountAuthenticator
ADDED from AndroidManifest.xml:77:9
	android:name
		ADDED from AndroidManifest.xml:77:17
meta-data#android.accounts.AccountAuthenticator
ADDED from AndroidManifest.xml:79:7
	android:resource
		ADDED from AndroidManifest.xml:80:14
	android:name
		ADDED from AndroidManifest.xml:79:18